<?xml version="1.0" encoding="UTF-8"?>
<!-- Generated by org.testng.reporters.JUnitReportReporter -->
<testsuite hostname="Karthikesavan" failures="0" tests="2" name="APItest" time="1.696" errors="0" timestamp="2024-03-05T04:42:00 IST" skipped="0">
  <testcase classname="APItest" name="test2" time="0.089"/>
  <testcase classname="APItest" name="test1" time="1.607"/>
</testsuite> <!-- APItest -->
